<?xml version="1.0" encoding="UTF-8"?>
<coverage generated="1655099213315" clover="3.2.0">
  <project timestamp="1655099213315" name="All files">
    <metrics statements="16" coveredstatements="16" conditionals="8" coveredconditionals="8" methods="12" coveredmethods="12" elements="36" coveredelements="36" complexity="0" loc="16" ncloc="16" packages="1" files="5" classes="5"/>
    <file name="analyzeArray.js" path="C:\Users\Kevin\Desktop\Web Dev Projects\Jest-Testing-Practice-TheOdinProject\js\analyzeArray.js">
      <metrics statements="1" coveredstatements="1" conditionals="0" coveredconditionals="0" methods="1" coveredmethods="1"/>
      <line num="2" count="1" type="stmt"/>
    </file>
    <file name="caesar.js" path="C:\Users\Kevin\Desktop\Web Dev Projects\Jest-Testing-Practice-TheOdinProject\js\caesar.js">
      <metrics statements="9" coveredstatements="9" conditionals="8" coveredconditionals="8" methods="5" coveredmethods="5"/>
      <line num="2" count="6" type="stmt"/>
      <line num="4" count="21" type="stmt"/>
      <line num="8" count="36" type="cond" truecount="2" falsecount="0"/>
      <line num="12" count="18" type="stmt"/>
      <line num="14" count="1" type="stmt"/>
      <line num="15" count="21" type="stmt"/>
      <line num="17" count="21" type="cond" truecount="6" falsecount="0"/>
      <line num="18" count="18" type="stmt"/>
      <line num="22" count="3" type="stmt"/>
    </file>
    <file name="calculator.js" path="C:\Users\Kevin\Desktop\Web Dev Projects\Jest-Testing-Practice-TheOdinProject\js\calculator.js">
      <metrics statements="4" coveredstatements="4" conditionals="0" coveredconditionals="0" methods="4" coveredmethods="4"/>
      <line num="2" count="2" type="stmt"/>
      <line num="6" count="2" type="stmt"/>
      <line num="10" count="2" type="stmt"/>
      <line num="14" count="2" type="stmt"/>
    </file>
    <file name="capitilize.js" path="C:\Users\Kevin\Desktop\Web Dev Projects\Jest-Testing-Practice-TheOdinProject\js\capitilize.js">
      <metrics statements="1" coveredstatements="1" conditionals="0" coveredconditionals="0" methods="1" coveredmethods="1"/>
      <line num="2" count="2" type="stmt"/>
    </file>
    <file name="reverseString.js" path="C:\Users\Kevin\Desktop\Web Dev Projects\Jest-Testing-Practice-TheOdinProject\js\reverseString.js">
      <metrics statements="1" coveredstatements="1" conditionals="0" coveredconditionals="0" methods="1" coveredmethods="1"/>
      <line num="2" count="3" type="stmt"/>
    </file>
  </project>
</coverage>
