{"C:\\Users\\Kevin\\Desktop\\Web Dev Projects\\Jest-Testing-Practice-TheOdinProject\\js\\analyzeArray.js": {"path":"C:\\Users\\Kevin\\Desktop\\Web Dev Projects\\Jest-Testing-Practice-TheOdinProject\\js\\analyzeArray.js","statementMap":{"0":{"start":{"line":2,"column":4},"end":{"line":2,"column":38}}},"fnMap":{"0":{"name":"analyzeArray","decl":{"start":{"line":1,"column":9},"end":{"line":1,"column":21}},"loc":{"start":{"line":1,"column":49},"end":{"line":3,"column":1}},"line":1}},"branchMap":{},"s":{"0":1},"f":{"0":1},"b":{},"_coverageSchema":"1a1c01bbd47fc00a2c39e90264f33305004495a9","hash":"3b3771fd777c6df4c40da4595f8942d4a41a787c"}
,"C:\\Users\\Kevin\\Desktop\\Web Dev Projects\\Jest-Testing-Practice-TheOdinProject\\js\\caesar.js": {"path":"C:\\Users\\Kevin\\Desktop\\Web Dev Projects\\Jest-Testing-Practice-TheOdinProject\\js\\caesar.js","statementMap":{"0":{"start":{"line":2,"column":4},"end":{"line":5,"column":16}},"1":{"start":{"line":4,"column":19},"end":{"line":4,"column":41}},"2":{"start":{"line":8,"column":18},"end":{"line":8,"column":47}},"3":{"start":{"line":8,"column":27},"end":{"line":8,"column":46}},"4":{"start":{"line":12,"column":14},"end":{"line":12,"column":39}},"5":{"start":{"line":12,"column":24},"end":{"line":12,"column":39}},"6":{"start":{"line":14,"column":20},"end":{"line":23,"column":3}},"7":{"start":{"line":15,"column":17},"end":{"line":15,"column":34}},"8":{"start":{"line":17,"column":4},"end":{"line":21,"column":5}},"9":{"start":{"line":18,"column":6},"end":{"line":20,"column":8}},"10":{"start":{"line":22,"column":4},"end":{"line":22,"column":16}}},"fnMap":{"0":{"name":"ceasar","decl":{"start":{"line":1,"column":10},"end":{"line":1,"column":16}},"loc":{"start":{"line":1,"column":32},"end":{"line":6,"column":3}},"line":1},"1":{"name":"(anonymous_1)","decl":{"start":{"line":4,"column":11},"end":{"line":4,"column":12}},"loc":{"start":{"line":4,"column":19},"end":{"line":4,"column":41}},"line":4},"2":{"name":"(anonymous_2)","decl":{"start":{"line":8,"column":18},"end":{"line":8,"column":19}},"loc":{"start":{"line":8,"column":27},"end":{"line":8,"column":46}},"line":8},"3":{"name":"(anonymous_3)","decl":{"start":{"line":12,"column":14},"end":{"line":12,"column":15}},"loc":{"start":{"line":12,"column":24},"end":{"line":12,"column":39}},"line":12},"4":{"name":"(anonymous_4)","decl":{"start":{"line":14,"column":20},"end":{"line":14,"column":21}},"loc":{"start":{"line":14,"column":37},"end":{"line":23,"column":3}},"line":14}},"branchMap":{"0":{"loc":{"start":{"line":8,"column":27},"end":{"line":8,"column":46}},"type":"cond-expr","locations":[{"start":{"line":8,"column":39},"end":{"line":8,"column":41}},{"start":{"line":8,"column":44},"end":{"line":8,"column":46}}],"line":8},"1":{"loc":{"start":{"line":17,"column":4},"end":{"line":21,"column":5}},"type":"if","locations":[{"start":{"line":17,"column":4},"end":{"line":21,"column":5}},{"start":{},"end":{}}],"line":17},"2":{"loc":{"start":{"line":17,"column":8},"end":{"line":17,"column":65}},"type":"binary-expr","locations":[{"start":{"line":17,"column":9},"end":{"line":17,"column":19}},{"start":{"line":17,"column":23},"end":{"line":17,"column":33}},{"start":{"line":17,"column":39},"end":{"line":17,"column":49}},{"start":{"line":17,"column":53},"end":{"line":17,"column":64}}],"line":17}},"s":{"0":6,"1":21,"2":1,"3":36,"4":1,"5":18,"6":1,"7":21,"8":21,"9":18,"10":3},"f":{"0":6,"1":21,"2":36,"3":18,"4":21},"b":{"0":[12,24],"1":[18,3],"2":[21,18,15,12]},"_coverageSchema":"1a1c01bbd47fc00a2c39e90264f33305004495a9","hash":"197716baaed934f4c2c67da2b6f25ff8c2be6154"}
,"C:\\Users\\Kevin\\Desktop\\Web Dev Projects\\Jest-Testing-Practice-TheOdinProject\\js\\calculator.js": {"path":"C:\\Users\\Kevin\\Desktop\\Web Dev Projects\\Jest-Testing-Practice-TheOdinProject\\js\\calculator.js","statementMap":{"0":{"start":{"line":2,"column":4},"end":{"line":2,"column":17}},"1":{"start":{"line":6,"column":4},"end":{"line":6,"column":17}},"2":{"start":{"line":10,"column":4},"end":{"line":10,"column":17}},"3":{"start":{"line":14,"column":4},"end":{"line":14,"column":17}}},"fnMap":{"0":{"name":"add","decl":{"start":{"line":1,"column":9},"end":{"line":1,"column":12}},"loc":{"start":{"line":1,"column":18},"end":{"line":3,"column":1}},"line":1},"1":{"name":"subtract","decl":{"start":{"line":5,"column":9},"end":{"line":5,"column":17}},"loc":{"start":{"line":5,"column":23},"end":{"line":7,"column":1}},"line":5},"2":{"name":"divide","decl":{"start":{"line":9,"column":9},"end":{"line":9,"column":15}},"loc":{"start":{"line":9,"column":21},"end":{"line":11,"column":1}},"line":9},"3":{"name":"multiply","decl":{"start":{"line":13,"column":9},"end":{"line":13,"column":17}},"loc":{"start":{"line":13,"column":23},"end":{"line":15,"column":1}},"line":13}},"branchMap":{},"s":{"0":2,"1":2,"2":2,"3":2},"f":{"0":2,"1":2,"2":2,"3":2},"b":{},"_coverageSchema":"1a1c01bbd47fc00a2c39e90264f33305004495a9","hash":"653593ca68510bb1f2ddf03bcb0ce6778380a05f"}
,"C:\\Users\\Kevin\\Desktop\\Web Dev Projects\\Jest-Testing-Practice-TheOdinProject\\js\\capitilize.js": {"path":"C:\\Users\\Kevin\\Desktop\\Web Dev Projects\\Jest-Testing-Practice-TheOdinProject\\js\\capitilize.js","statementMap":{"0":{"start":{"line":2,"column":4},"end":{"line":2,"column":67}}},"fnMap":{"0":{"name":"capitilizeFirstLetter","decl":{"start":{"line":1,"column":9},"end":{"line":1,"column":30}},"loc":{"start":{"line":1,"column":39},"end":{"line":3,"column":1}},"line":1}},"branchMap":{},"s":{"0":2},"f":{"0":2},"b":{},"_coverageSchema":"1a1c01bbd47fc00a2c39e90264f33305004495a9","hash":"c83f5d358bad2ea83e5ac2e1e7c2fd16751531b3"}
,"C:\\Users\\Kevin\\Desktop\\Web Dev Projects\\Jest-Testing-Practice-TheOdinProject\\js\\reverseString.js": {"path":"C:\\Users\\Kevin\\Desktop\\Web Dev Projects\\Jest-Testing-Practice-TheOdinProject\\js\\reverseString.js","statementMap":{"0":{"start":{"line":2,"column":4},"end":{"line":2,"column":47}}},"fnMap":{"0":{"name":"reverseString","decl":{"start":{"line":1,"column":9},"end":{"line":1,"column":22}},"loc":{"start":{"line":1,"column":31},"end":{"line":3,"column":1}},"line":1}},"branchMap":{},"s":{"0":3},"f":{"0":3},"b":{},"_coverageSchema":"1a1c01bbd47fc00a2c39e90264f33305004495a9","hash":"f928335b3ccd4efbc3dff705ae91906257b89a91"}
}
