TN:
SF:js\analyzeArray.js
FN:1,analyzeArray
FNF:1
FNH:1
FNDA:1,analyzeArray
DA:2,1
LF:1
LH:1
BRF:0
BRH:0
end_of_record
TN:
SF:js\caesar.js
FN:1,ceasar
FN:4,(anonymous_1)
FN:8,(anonymous_2)
FN:12,(anonymous_3)
FN:14,(anonymous_4)
FNF:5
FNH:5
FNDA:6,ceasar
FNDA:21,(anonymous_1)
FNDA:36,(anonymous_2)
FNDA:18,(anonymous_3)
FNDA:21,(anonymous_4)
DA:2,6
DA:4,21
DA:8,36
DA:12,18
DA:14,1
DA:15,21
DA:17,21
DA:18,18
DA:22,3
LF:9
LH:9
BRDA:8,0,0,12
BRDA:8,0,1,24
BRDA:17,1,0,18
BRDA:17,1,1,3
BRDA:17,2,0,21
BRDA:17,2,1,18
BRDA:17,2,2,15
BRDA:17,2,3,12
BRF:8
BRH:8
end_of_record
TN:
SF:js\calculator.js
FN:1,add
FN:5,subtract
FN:9,divide
FN:13,multiply
FNF:4
FNH:4
FNDA:2,add
FNDA:2,subtract
FNDA:2,divide
FNDA:2,multiply
DA:2,2
DA:6,2
DA:10,2
DA:14,2
LF:4
LH:4
BRF:0
BRH:0
end_of_record
TN:
SF:js\capitilize.js
FN:1,capitilizeFirstLetter
FNF:1
FNH:1
FNDA:2,capitilizeFirstLetter
DA:2,2
LF:1
LH:1
BRF:0
BRH:0
end_of_record
TN:
SF:js\reverseString.js
FN:1,reverseString
FNF:1
FNH:1
FNDA:3,reverseString
DA:2,3
LF:1
LH:1
BRF:0
BRH:0
end_of_record
